<?xml version="1.0" encoding="UTF-8"?>
<!-- Generated by org.testng.reporters.JUnitReportReporter -->
<testsuite skipped="0" hostname="LAPTOP-778LVP8F" name="Code.SearchTest" tests="1" failures="0" timestamp="12 Nov 2020 17:05:23 GMT" time="4.654" errors="0">
  <testcase name="basicFilterByTest" time="4.654" classname="Code.SearchTest"/>
</testsuite> <!-- Code.SearchTest -->
