<?xml version="1.0" encoding="UTF-8"?>
<!-- Generated by org.testng.reporters.JUnitReportReporter -->
<testsuite skipped="0" hostname="LAPTOP-778LVP8F" name="SearchTest" tests="1" failures="0"
           timestamp="08 Nov 2020 10:21:23 GMT" time="7.639" errors="0">
    <testcase name="basicFilterByTest" time="7.639" classname="SearchTest"/>
</testsuite> <!-- SearchTest -->
